0 info it worked if it ends with ok
1 verbose cli [ '/usr/local/bin/node',
1 verbose cli   '/usr/local/bin/npm',
1 verbose cli   'i',
1 verbose cli   'react-bootstrap-carousel' ]
2 info using npm@3.10.10
3 info using node@v6.9.5
4 silly loadCurrentTree Starting
5 silly install loadCurrentTree
6 silly install readLocalPackageData
7 silly fetchPackageMetaData react-bootstrap-carousel
8 silly fetchNamedPackageData react-bootstrap-carousel
9 silly mapToRegistry name react-bootstrap-carousel
10 silly mapToRegistry using default registry
11 silly mapToRegistry registry https://registry.npmjs.org/
12 silly mapToRegistry data Result {
12 silly mapToRegistry   raw: 'react-bootstrap-carousel',
12 silly mapToRegistry   scope: null,
12 silly mapToRegistry   escapedName: 'react-bootstrap-carousel',
12 silly mapToRegistry   name: 'react-bootstrap-carousel',
12 silly mapToRegistry   rawSpec: '',
12 silly mapToRegistry   spec: 'latest',
12 silly mapToRegistry   type: 'tag' }
13 silly mapToRegistry uri https://registry.npmjs.org/react-bootstrap-carousel
14 verbose request uri https://registry.npmjs.org/react-bootstrap-carousel
15 verbose request no auth needed
16 info attempt registry request try #1 at 1:36:13 PM
17 verbose request id 5e646376527af678
18 verbose etag W/"5834f643-1b9"
19 verbose lastModified Wed, 23 Nov 2016 01:52:03 GMT
20 http request GET https://registry.npmjs.org/react-bootstrap-carousel
21 http 304 https://registry.npmjs.org/react-bootstrap-carousel
22 verbose headers { date: 'Sun, 26 Feb 2017 18:36:13 GMT',
22 verbose headers   via: '1.1 varnish',
22 verbose headers   'cache-control': 'max-age=300',
22 verbose headers   etag: 'W/"5834f643-1b9"',
22 verbose headers   age: '20',
22 verbose headers   connection: 'keep-alive',
22 verbose headers   'x-served-by': 'cache-jfk8150-JFK',
22 verbose headers   'x-cache': 'HIT',
22 verbose headers   'x-cache-hits': '1',
22 verbose headers   'x-timer': 'S1488134173.879996,VS0,VE0',
22 verbose headers   vary: 'Accept-Encoding' }
23 silly get cb [ 304,
23 silly get   { date: 'Sun, 26 Feb 2017 18:36:13 GMT',
23 silly get     via: '1.1 varnish',
23 silly get     'cache-control': 'max-age=300',
23 silly get     etag: 'W/"5834f643-1b9"',
23 silly get     age: '20',
23 silly get     connection: 'keep-alive',
23 silly get     'x-served-by': 'cache-jfk8150-JFK',
23 silly get     'x-cache': 'HIT',
23 silly get     'x-cache-hits': '1',
23 silly get     'x-timer': 'S1488134173.879996,VS0,VE0',
23 silly get     vary: 'Accept-Encoding' } ]
24 verbose etag https://registry.npmjs.org/react-bootstrap-carousel from cache
25 verbose get saving react-bootstrap-carousel to /Users/Ben/.npm/registry.npmjs.org/react-bootstrap-carousel/.cache.json
26 verbose correctMkdir /Users/Ben/.npm correctMkdir not in flight; initializing
27 verbose stack TypeError: Cannot convert undefined or null to object
27 verbose stack     at pickVersionFromRegistryDocument (/usr/local/lib/node_modules/npm/lib/fetch-package-metadata.js:125:29)
27 verbose stack     at /usr/local/lib/node_modules/npm/node_modules/iferr/index.js:13:50
27 verbose stack     at /usr/local/lib/node_modules/npm/lib/utils/pulse-till-done.js:20:8
27 verbose stack     at saved (/usr/local/lib/node_modules/npm/lib/cache/caching-client.js:174:7)
27 verbose stack     at /usr/local/lib/node_modules/npm/node_modules/graceful-fs/polyfills.js:241:18
27 verbose stack     at FSReqWrap.oncomplete (fs.js:123:15)
28 verbose cwd /Users/Ben/Desktop/React/Balance
29 error Darwin 16.4.0
30 error argv "/usr/local/bin/node" "/usr/local/bin/npm" "i" "react-bootstrap-carousel"
31 error node v6.9.5
32 error npm  v3.10.10
33 error Cannot convert undefined or null to object
34 error If you need help, you may report this error at:
34 error     <https://github.com/npm/npm/issues>
35 verbose exit [ 1, true ]
